# JRE version: OpenJDK Runtime Environment (11.0.10) (build 11.0.10+0-b96-7249189)
# Java VM: OpenJDK 64-Bit Server VM (11.0.10+0-b96-7249189, mixed mode, tiered, compressed oops, g1 gc, windows-amd64)
Heap:
 garbage-first heap   total 493568K, used 154882K [0x0000000080000000, 0x0000000100000000)
  region size 1024K, 14 young (14336K), 14 survivors (14336K)
 Metaspace       used 102001K, capacity 104920K, committed 105036K, reserved 1140736K
  class space    used 13067K, capacity 14193K, committed 14208K, reserved 1048576K
GC Heap History (20 events):
Event: 112.613 GC heap after
{Heap after GC invocations=82 (full 0):
 garbage-first heap   total 307200K, used 140852K [0x0000000080000000, 0x0000000100000000)
  region size 1024K, 7 young (7168K), 7 survivors (7168K)
 Metaspace       used 101953K, capacity 104911K, committed 105036K, reserved 1140736K
  class space    used 13065K, capacity 14190K, committed 14208K, reserved 1048576K
}
Event: 113.097 GC heap before
{Heap before GC invocations=82 (full 0):
 garbage-first heap   total 307200K, used 243252K [0x0000000080000000, 0x0000000100000000)
  region size 1024K, 107 young (109568K), 7 survivors (7168K)
 Metaspace       used 101978K, capacity 104911K, committed 105036K, reserved 1140736K
  class space    used 13065K, capacity 14190K, committed 14208K, reserved 1048576K
}
Event: 113.123 GC heap after
{Heap after GC invocations=83 (full 0):
 garbage-first heap   total 307200K, used 146797K [0x0000000080000000, 0x0000000100000000)
  region size 1024K, 12 young (12288K), 12 survivors (12288K)
 Metaspace       used 101978K, capacity 104911K, committed 105036K, reserved 1140736K
  class space    used 13065K, capacity 14190K, committed 14208K, reserved 1048576K
}
Event: 113.662 GC heap before
{Heap before GC invocations=83 (full 0):
 garbage-first heap   total 307200K, used 247149K [0x0000000080000000, 0x0000000100000000)
  region size 1024K, 110 young (112640K), 12 survivors (12288K)
 Metaspace       used 101983K, capacity 104919K, committed 105036K, reserved 1140736K
  class space    used 13067K, capacity 14193K, committed 14208K, reserved 1048576K
}
Event: 113.686 GC heap after
{Heap after GC invocations=84 (full 0):
 garbage-first heap   total 307200K, used 147689K [0x0000000080000000, 0x0000000100000000)
  region size 1024K, 8 young (8192K), 8 survivors (8192K)
 Metaspace       used 101983K, capacity 104919K, committed 105036K, reserved 1140736K
  class space    used 13067K, capacity 14193K, committed 14208K, reserved 1048576K
}
Event: 114.264 GC heap before
{Heap before GC invocations=84 (full 0):
 garbage-first heap   total 307200K, used 250089K [0x0000000080000000, 0x0000000100000000)
  region size 1024K, 108 young (110592K), 8 survivors (8192K)
 Metaspace       used 101986K, capacity 104919K, committed 105036K, reserved 1140736K
  class space    used 13067K, capacity 14193K, committed 14208K, reserved 1048576K
}
Event: 114.301 GC heap after
{Heap after GC invocations=85 (full 0):
 garbage-first heap   total 307200K, used 149628K [0x0000000080000000, 0x0000000100000000)
  region size 1024K, 10 young (10240K), 10 survivors (10240K)
 Metaspace       used 101986K, capacity 104919K, committed 105036K, reserved 1140736K
  class space    used 13067K, capacity 14193K, committed 14208K, reserved 1048576K
}
Event: 115.590 GC heap before
{Heap before GC invocations=86 (full 0):
 garbage-first heap   total 307200K, used 254076K [0x0000000080000000, 0x0000000100000000)
  region size 1024K, 112 young (114688K), 10 survivors (10240K)
 Metaspace       used 101989K, capacity 104919K, committed 105036K, reserved 1140736K
  class space    used 13067K, capacity 14193K, committed 14208K, reserved 1048576K
}
Event: 115.624 GC heap after
{Heap after GC invocations=87 (full 0):
 garbage-first heap   total 307200K, used 149743K [0x0000000080000000, 0x0000000100000000)
  region size 1024K, 5 young (5120K), 5 survivors (5120K)
 Metaspace       used 101989K, capacity 104919K, committed 105036K, reserved 1140736K
  class space    used 13067K, capacity 14193K, committed 14208K, reserved 1048576K
}
Event: 115.686 GC heap before
{Heap before GC invocations=87 (full 0):
 garbage-first heap   total 307200K, used 159983K [0x0000000080000000, 0x0000000100000000)
  region size 1024K, 15 young (15360K), 5 survivors (5120K)
 Metaspace       used 101989K, capacity 104919K, committed 105036K, reserved 1140736K
  class space    used 13067K, capacity 14193K, committed 14208K, reserved 1048576K
}
Event: 115.764 GC heap after
{Heap after GC invocations=88 (full 0):
 garbage-first heap   total 368640K, used 140936K [0x0000000080000000, 0x0000000100000000)
  region size 1024K, 1 young (1024K), 1 survivors (1024K)
 Metaspace       used 101989K, capacity 104919K, committed 105036K, reserved 1140736K
  class space    used 13067K, capacity 14193K, committed 14208K, reserved 1048576K
}
Event: 116.763 GC heap before
{Heap before GC invocations=88 (full 0):
 garbage-first heap   total 368640K, used 287368K [0x0000000080000000, 0x0000000100000000)
  region size 1024K, 144 young (147456K), 1 survivors (1024K)
 Metaspace       used 101990K, capacity 104919K, committed 105036K, reserved 1140736K
  class space    used 13067K, capacity 14193K, committed 14208K, reserved 1048576K
}
Event: 116.783 GC heap after
{Heap after GC invocations=89 (full 0):
 garbage-first heap   total 368640K, used 144056K [0x0000000080000000, 0x0000000100000000)
  region size 1024K, 4 young (4096K), 4 survivors (4096K)
 Metaspace       used 101990K, capacity 104919K, committed 105036K, reserved 1140736K
  class space    used 13067K, capacity 14193K, committed 14208K, reserved 1048576K
}
Event: 117.679 GC heap before
{Heap before GC invocations=89 (full 0):
 garbage-first heap   total 368640K, used 291512K [0x0000000080000000, 0x0000000100000000)
  region size 1024K, 148 young (151552K), 4 survivors (4096K)
 Metaspace       used 101997K, capacity 104920K, committed 105036K, reserved 1140736K
  class space    used 13067K, capacity 14193K, committed 14208K, reserved 1048576K
}
Event: 117.697 GC heap after
{Heap after GC invocations=90 (full 0):
 garbage-first heap   total 368640K, used 146915K [0x0000000080000000, 0x0000000100000000)
  region size 1024K, 7 young (7168K), 7 survivors (7168K)
 Metaspace       used 101997K, capacity 104920K, committed 105036K, reserved 1140736K
  class space    used 13067K, capacity 14193K, committed 14208K, reserved 1048576K
}
Event: 118.433 GC heap before
{Heap before GC invocations=90 (full 0):
 garbage-first heap   total 368640K, used 299491K [0x0000000080000000, 0x0000000100000000)
  region size 1024K, 156 young (159744K), 7 survivors (7168K)
 Metaspace       used 101997K, capacity 104920K, committed 105036K, reserved 1140736K
  class space    used 13067K, capacity 14193K, committed 14208K, reserved 1048576K
}
Event: 118.454 GC heap after
{Heap after GC invocations=91 (full 0):
 garbage-first heap   total 368640K, used 149148K [0x0000000080000000, 0x0000000100000000)
  region size 1024K, 9 young (9216K), 9 survivors (9216K)
 Metaspace       used 101997K, capacity 104920K, committed 105036K, reserved 1140736K
  class space    used 13067K, capacity 14193K, committed 14208K, reserved 1048576K
}
Event: 119.424 GC heap before
{Heap before GC invocations=91 (full 0):
 garbage-first heap   total 368640K, used 302748K [0x0000000080000000, 0x0000000100000000)
  region size 1024K, 160 young (163840K), 9 survivors (9216K)
 Metaspace       used 101998K, capacity 104920K, committed 105036K, reserved 1140736K
  class space    used 13067K, capacity 14193K, committed 14208K, reserved 1048576K
}
Event: 119.450 GC heap after
{Heap after GC invocations=92 (full 0):
 garbage-first heap   total 368640K, used 151790K [0x0000000080000000, 0x0000000100000000)
  region size 1024K, 12 young (12288K), 12 survivors (12288K)
 Metaspace       used 101998K, capacity 104920K, committed 105036K, reserved 1140736K
  class space    used 13067K, capacity 14193K, committed 14208K, reserved 1048576K
}
Event: 120.228 GC heap before
{Heap before GC invocations=92 (full 0):
 garbage-first heap   total 368640K, used 307438K [0x0000000080000000, 0x0000000100000000)
  region size 1024K, 164 young (167936K), 12 survivors (12288K)
 Metaspace       used 102001K, capacity 104920K, committed 105036K, reserved 1140736K
  class space    used 13067K, capacity 14193K, committed 14208K, reserved 1048576K
}

