# JRE version: OpenJDK Runtime Environment (11.0.10) (build 11.0.10+0-b96-7249189)
# Java VM: OpenJDK 64-Bit Server VM (11.0.10+0-b96-7249189, mixed mode, tiered, compressed oops, g1 gc, windows-amd64)
Heap:
 garbage-first heap   total 368640K, used 226720K [0x0000000080000000, 0x0000000100000000)
  region size 1024K, 121 young (123904K), 13 survivors (13312K)
 Metaspace       used 97359K, capacity 99938K, committed 100172K, reserved 1136640K
  class space    used 12631K, capacity 13582K, committed 13696K, reserved 1048576K
GC Heap History (20 events):
Event: 39.427 GC heap before
{Heap before GC invocations=39 (full 0):
 garbage-first heap   total 212992K, used 176907K [0x0000000080000000, 0x0000000100000000)
  region size 1024K, 73 young (74752K), 5 survivors (5120K)
 Metaspace       used 95567K, capacity 97964K, committed 98380K, reserved 1134592K
  class space    used 12398K, capacity 13283K, committed 13440K, reserved 1048576K
}
Event: 39.438 GC heap after
{Heap after GC invocations=40 (full 0):
 garbage-first heap   total 212992K, used 107053K [0x0000000080000000, 0x0000000100000000)
  region size 1024K, 4 young (4096K), 4 survivors (4096K)
 Metaspace       used 95567K, capacity 97964K, committed 98380K, reserved 1134592K
  class space    used 12398K, capacity 13283K, committed 13440K, reserved 1048576K
}
Event: 39.995 GC heap before
{Heap before GC invocations=40 (full 0):
 garbage-first heap   total 212992K, used 177709K [0x0000000080000000, 0x0000000100000000)
  region size 1024K, 73 young (74752K), 4 survivors (4096K)
 Metaspace       used 95602K, capacity 98045K, committed 98380K, reserved 1134592K
  class space    used 12403K, capacity 13288K, committed 13440K, reserved 1048576K
}
Event: 40.009 GC heap after
{Heap after GC invocations=41 (full 0):
 garbage-first heap   total 256000K, used 108148K [0x0000000080000000, 0x0000000100000000)
  region size 1024K, 5 young (5120K), 5 survivors (5120K)
 Metaspace       used 95602K, capacity 98045K, committed 98380K, reserved 1134592K
  class space    used 12403K, capacity 13288K, committed 13440K, reserved 1048576K
}
Event: 40.955 GC heap before
{Heap before GC invocations=42 (full 0):
 garbage-first heap   total 256000K, used 199284K [0x0000000080000000, 0x0000000100000000)
  region size 1024K, 94 young (96256K), 5 survivors (5120K)
 Metaspace       used 95637K, capacity 98049K, committed 98380K, reserved 1134592K
  class space    used 12404K, capacity 13289K, committed 13440K, reserved 1048576K
}
Event: 40.969 GC heap after
{Heap after GC invocations=43 (full 0):
 garbage-first heap   total 256000K, used 108012K [0x0000000080000000, 0x0000000100000000)
  region size 1024K, 5 young (5120K), 5 survivors (5120K)
 Metaspace       used 95637K, capacity 98049K, committed 98380K, reserved 1134592K
  class space    used 12404K, capacity 13289K, committed 13440K, reserved 1048576K
}
Event: 41.715 GC heap before
{Heap before GC invocations=43 (full 0):
 garbage-first heap   total 256000K, used 208364K [0x0000000080000000, 0x0000000100000000)
  region size 1024K, 103 young (105472K), 5 survivors (5120K)
 Metaspace       used 95658K, capacity 98049K, committed 98380K, reserved 1134592K
  class space    used 12410K, capacity 13289K, committed 13440K, reserved 1048576K
}
Event: 41.729 GC heap after
{Heap after GC invocations=44 (full 0):
 garbage-first heap   total 256000K, used 109053K [0x0000000080000000, 0x0000000100000000)
  region size 1024K, 6 young (6144K), 6 survivors (6144K)
 Metaspace       used 95658K, capacity 98049K, committed 98380K, reserved 1134592K
  class space    used 12410K, capacity 13289K, committed 13440K, reserved 1048576K
}
Event: 42.413 GC heap before
{Heap before GC invocations=44 (full 0):
 garbage-first heap   total 256000K, used 212477K [0x0000000080000000, 0x0000000100000000)
  region size 1024K, 107 young (109568K), 6 survivors (6144K)
 Metaspace       used 95678K, capacity 98113K, committed 98380K, reserved 1134592K
  class space    used 12410K, capacity 13289K, committed 13440K, reserved 1048576K
}
Event: 42.428 GC heap after
{Heap after GC invocations=45 (full 0):
 garbage-first heap   total 256000K, used 109963K [0x0000000080000000, 0x0000000100000000)
  region size 1024K, 7 young (7168K), 7 survivors (7168K)
 Metaspace       used 95678K, capacity 98113K, committed 98380K, reserved 1134592K
  class space    used 12410K, capacity 13289K, committed 13440K, reserved 1048576K
}
Event: 43.109 GC heap before
{Heap before GC invocations=45 (full 0):
 garbage-first heap   total 256000K, used 215435K [0x0000000080000000, 0x0000000100000000)
  region size 1024K, 110 young (112640K), 7 survivors (7168K)
 Metaspace       used 96323K, capacity 98818K, committed 98892K, reserved 1134592K
  class space    used 12504K, capacity 13417K, committed 13440K, reserved 1048576K
}
Event: 43.131 GC heap after
{Heap after GC invocations=46 (full 0):
 garbage-first heap   total 307200K, used 111074K [0x0000000080000000, 0x0000000100000000)
  region size 1024K, 8 young (8192K), 8 survivors (8192K)
 Metaspace       used 96323K, capacity 98818K, committed 98892K, reserved 1134592K
  class space    used 12504K, capacity 13417K, committed 13440K, reserved 1048576K
}
Event: 44.631 GC heap before
{Heap before GC invocations=46 (full 0):
 garbage-first heap   total 307200K, used 263650K [0x0000000080000000, 0x0000000100000000)
  region size 1024K, 156 young (159744K), 8 survivors (8192K)
 Metaspace       used 97283K, capacity 99865K, committed 100172K, reserved 1136640K
  class space    used 12630K, capacity 13581K, committed 13696K, reserved 1048576K
}
Event: 44.651 GC heap after
{Heap after GC invocations=47 (full 0):
 garbage-first heap   total 307200K, used 111826K [0x0000000080000000, 0x0000000100000000)
  region size 1024K, 9 young (9216K), 9 survivors (9216K)
 Metaspace       used 97283K, capacity 99865K, committed 100172K, reserved 1136640K
  class space    used 12630K, capacity 13581K, committed 13696K, reserved 1048576K
}
Event: 45.583 GC heap before
{Heap before GC invocations=47 (full 0):
 garbage-first heap   total 307200K, used 263378K [0x0000000080000000, 0x0000000100000000)
  region size 1024K, 157 young (160768K), 9 survivors (9216K)
 Metaspace       used 97307K, capacity 99868K, committed 100172K, reserved 1136640K
  class space    used 12630K, capacity 13581K, committed 13696K, reserved 1048576K
}
Event: 45.604 GC heap after
{Heap after GC invocations=48 (full 0):
 garbage-first heap   total 307200K, used 113479K [0x0000000080000000, 0x0000000100000000)
  region size 1024K, 10 young (10240K), 10 survivors (10240K)
 Metaspace       used 97307K, capacity 99868K, committed 100172K, reserved 1136640K
  class space    used 12630K, capacity 13581K, committed 13696K, reserved 1048576K
}
Event: 46.557 GC heap before
{Heap before GC invocations=48 (full 0):
 garbage-first heap   total 307200K, used 264007K [0x0000000080000000, 0x0000000100000000)
  region size 1024K, 157 young (160768K), 10 survivors (10240K)
 Metaspace       used 97346K, capacity 99935K, committed 100172K, reserved 1136640K
  class space    used 12630K, capacity 13581K, committed 13696K, reserved 1048576K
}
Event: 46.579 GC heap after
{Heap after GC invocations=49 (full 0):
 garbage-first heap   total 307200K, used 114377K [0x0000000080000000, 0x0000000100000000)
  region size 1024K, 11 young (11264K), 11 survivors (11264K)
 Metaspace       used 97346K, capacity 99935K, committed 100172K, reserved 1136640K
  class space    used 12630K, capacity 13581K, committed 13696K, reserved 1048576K
}
Event: 47.533 GC heap before
{Heap before GC invocations=49 (full 0):
 garbage-first heap   total 307200K, used 263881K [0x0000000080000000, 0x0000000100000000)
  region size 1024K, 157 young (160768K), 11 survivors (11264K)
 Metaspace       used 97356K, capacity 99938K, committed 100172K, reserved 1136640K
  class space    used 12630K, capacity 13582K, committed 13696K, reserved 1048576K
}
Event: 47.569 GC heap after
{Heap after GC invocations=50 (full 0):
 garbage-first heap   total 368640K, used 117152K [0x0000000080000000, 0x0000000100000000)
  region size 1024K, 13 young (13312K), 13 survivors (13312K)
 Metaspace       used 97356K, capacity 99938K, committed 100172K, reserved 1136640K
  class space    used 12630K, capacity 13582K, committed 13696K, reserved 1048576K
}

